<?xml version="1.0" encoding="UTF-8"?>
<testng-results ignored="0" total="1" passed="1" failed="0" skipped="0">
  <reporter-output>
  </reporter-output>
  <suite started-at="2024-10-08T16:47:49 IST" name="Default suite" finished-at="2024-10-08T16:47:55 IST" duration-ms="5909">
    <groups>
    </groups>
    <test started-at="2024-10-08T16:47:49 IST" name="Default test" finished-at="2024-10-08T16:47:55 IST" duration-ms="5909">
      <class name="FrameWorkBase.Remit">
        <test-method signature="remit()[pri:0, instance:FrameWorkBase.Remit@17f62e33]" started-at="2024-10-08T16:47:49 IST" name="remit" finished-at="2024-10-08T16:47:55 IST" duration-ms="5876" status="PASS">
          <reporter-output>
          </reporter-output>
        </test-method> <!-- remit -->
      </class> <!-- FrameWorkBase.Remit -->
    </test> <!-- Default test -->
  </suite> <!-- Default suite -->
</testng-results>
